\BOOKMARK [1][-]{section.1}{Introduction}{}% 1
\BOOKMARK [2][-]{subsection.1.1}{Motivation}{section.1}% 2
\BOOKMARK [2][-]{subsection.1.2}{Tasks}{section.1}% 3
\BOOKMARK [2][-]{subsection.1.3}{Structure}{section.1}% 4
\BOOKMARK [1][-]{section.2}{Mathematical Background}{}% 5
\BOOKMARK [2][-]{subsection.2.1}{Monomials}{section.2}% 6
\BOOKMARK [2][-]{subsection.2.2}{Monomial Order}{section.2}% 7
\BOOKMARK [2][-]{subsection.2.3}{Ideals}{section.2}% 8
\BOOKMARK [2][-]{subsection.2.4}{Division Algorithm}{section.2}% 9
\BOOKMARK [2][-]{subsection.2.5}{Gr\366bner basis}{section.2}% 10
\BOOKMARK [2][-]{subsection.2.6}{Gr\366bner fans}{section.2}% 11
\BOOKMARK [2][-]{subsection.2.7}{Toric Ideals}{section.2}% 12
\BOOKMARK [1][-]{section.3}{Enumerating Gr\366bner fans and Code Ideals}{}% 13
\BOOKMARK [2][-]{subsection.3.1}{Enumerating Gr\366bner fans}{section.3}% 14
\BOOKMARK [3][-]{subsubsection.3.1.1}{Breadth first search}{subsection.3.1}% 15
\BOOKMARK [3][-]{subsubsection.3.1.2}{Reverse search tree}{subsection.3.1}% 16
\BOOKMARK [2][-]{subsection.3.2}{Degree compatible Gr\366bner basis}{section.3}% 17
\BOOKMARK [2][-]{subsection.3.3}{Linear Codes over Prime Fields}{section.3}% 18
\BOOKMARK [2][-]{subsection.3.4}{Code Ideals}{section.3}% 19
\BOOKMARK [1][-]{section.4}{Software}{}% 20
\BOOKMARK [2][-]{subsection.4.1}{Data Structures}{section.4}% 21
\BOOKMARK [2][-]{subsection.4.2}{Manual}{section.4}% 22
\BOOKMARK [2][-]{subsection.4.3}{Computational experience}{section.4}% 23
\BOOKMARK [2][-]{subsection.4.4}{Documentation and electronic availability}{section.4}% 24
\BOOKMARK [1][-]{section.5}{Future Work}{}% 25
\BOOKMARK [1][-]{section.6}{Conclusion}{}% 26
